<?xml version="1.0" encoding="UTF-8" ?>
<testsuite tests="12" failures="0" name="TestSuite" time="9.16" errors="0" skipped="0">
  <properties>
[...]
</properties>
  <testcase classname="com.apiautomation.testcases.SearchQuote" name="TC" time="1.864"/>
  <testcase classname="com.apiautomation.testcases.SearchQuote" name="TC" time="0.338"/>
  <testcase classname="com.apiautomation.testcases.SearchQuote" name="TC" time="0.317"/>
  <testcase classname="com.apiautomation.testcases.SearchQuote" name="TC" time="0.385"/>
  <testcase classname="com.apiautomation.testcases.SearchQuote" name="TC" time="0.314"/>
  <testcase classname="com.apiautomation.testcases.SearchQuote" name="TC" time="0.299"/>
  <testcase classname="com.apiautomation.testcases.SearchQuote" name="TC" time="0.305"/>
  <testcase classname="com.apiautomation.testcases.SearchQuote" name="TC" time="0.581"/>
  <testcase classname="com.apiautomation.testcases.SearchQuote" name="TC" time="0.298"/>
  <testcase classname="com.apiautomation.testcases.SearchQuote" name="TC" time="0.348"/>
  <testcase classname="com.apiautomation.testcases.SearchQuote" name="TC" time="0.332"/>
  <testcase classname="com.apiautomation.testcases.SearchQuote" name="TC" time="0.387"/>
</testsuite>