<?xml version="1.0" encoding="UTF-8"?>
<!-- Generated by org.testng.reporters.JUnitXMLReporter -->
<testsuite hostname="SL-ENG596-68BML" name="Search Test Case" tests="12" failures="0" timestamp="15 Jul 2021 13:59:14 GMT" time="6.206" errors="0">
  <testcase name="TC" time="1.862" classname="com.apiautomation.testcases.SearchQuote"/>
  <testcase name="TC" time="0.338" classname="com.apiautomation.testcases.SearchQuote"/>
  <testcase name="TC" time="0.317" classname="com.apiautomation.testcases.SearchQuote"/>
  <testcase name="TC" time="0.385" classname="com.apiautomation.testcases.SearchQuote"/>
  <testcase name="TC" time="0.314" classname="com.apiautomation.testcases.SearchQuote"/>
  <testcase name="TC" time="0.301" classname="com.apiautomation.testcases.SearchQuote"/>
  <testcase name="TC" time="0.305" classname="com.apiautomation.testcases.SearchQuote"/>
  <testcase name="TC" time="0.582" classname="com.apiautomation.testcases.SearchQuote"/>
  <testcase name="TC" time="0.298" classname="com.apiautomation.testcases.SearchQuote"/>
  <testcase name="TC" time="0.349" classname="com.apiautomation.testcases.SearchQuote"/>
  <testcase name="TC" time="0.333" classname="com.apiautomation.testcases.SearchQuote"/>
  <testcase name="TC" time="0.387" classname="com.apiautomation.testcases.SearchQuote"/>
</testsuite> <!-- Search Test Case -->
